<?xml version="1.0" encoding="UTF-8"?>
<!-- Generated by org.testng.reporters.JUnitXMLReporter -->
<testsuite ignored="0" hostname="DESKTOP-OEJBSOD" failures="3" tests="4" name="WalletHub_Assignments" time="57.601" errors="0" timestamp="2021-05-11T01:45:24 GMT+05:30">
  <testcase classname="Wallethub_test.wallethub_assignment" name="go_to_wallethub_login" time="17.931"/>
  <testcase classname="Wallethub_test.wallethub_assignment" name="check_stars" time="7.74">
    <failure type="java.lang.Exception" message="Can&amp;apos;t post the review, system faced error,please check it">
      <![CDATA[java.lang.Exception: Can't post the review, system faced error,please check it
at Wallethub_pages.Wallet_check_stars.write_review(Wallet_check_stars.java:90)
at Wallethub_test.wallethub_assignment.check_stars(wallethub_assignment.java:63)
at java.base/java.util.ArrayList.forEach(ArrayList.java:1541)
... Removed 27 stack frames]]>
    </failure>
  </testcase> <!-- check_stars -->
  <testcase classname="Facebook_test.Facebooktest" name="go_to_facebook_login" time="0.014">
    <failure type="java.lang.AssertionError" message="expected [test insurance company metatitle test] but found [Facebook - Log In or Sign Up]">
      <![CDATA[java.lang.AssertionError: expected [test insurance company metatitle test] but found [Facebook - Log In or Sign Up]
at Facebook_pages.Landing_page.verifyTitle(Landing_page.java:25)
at Facebook_test.Facebooktest.go_to_facebook_login(Facebooktest.java:43)
at java.base/java.util.ArrayList.forEach(ArrayList.java:1541)
... Removed 33 stack frames]]>
    </failure>
  </testcase> <!-- go_to_facebook_login -->
  <testcase classname="Facebook_test.Facebooktest" name="navigate_to_homepage_set_status" time="10.049">
    <failure type="java.lang.Exception" message="Not able to get to the home page">
      <![CDATA[java.lang.Exception: Not able to get to the home page
at Facebook_pages.Home_page.verify_Account_Name(Home_page.java:28)
at Facebook_test.Facebooktest.navigate_to_homepage_set_status(Facebooktest.java:55)
at java.base/java.util.ArrayList.forEach(ArrayList.java:1541)
... Removed 27 stack frames]]>
    </failure>
  </testcase> <!-- navigate_to_homepage_set_status -->
</testsuite> <!-- WalletHub_Assignments -->
