<?xml version="1.0" encoding="UTF-8"?>
<testng-results ignored="0" total="2" passed="1" failed="1" skipped="0">
  <reporter-output>
  </reporter-output>
  <suite started-at="2021-05-11T16:11:07 GMT+05:30" name="Default suite" finished-at="2021-05-11T16:11:30 GMT+05:30" duration-ms="23075">
    <groups>
    </groups>
    <test started-at="2021-05-11T16:11:07 GMT+05:30" name="Default test" finished-at="2021-05-11T16:11:30 GMT+05:30" duration-ms="23075">
      <class name="Facebook_test.Facebooktest">
        <test-method is-config="true" signature="setup()[pri:0, instance:Facebook_test.Facebooktest@c333c60]" started-at="2021-05-11T16:11:07 GMT+05:30" name="setup" finished-at="2021-05-11T16:11:15 GMT+05:30" duration-ms="7511" status="PASS">
          <reporter-output>
          </reporter-output>
        </test-method> <!-- setup -->
        <test-method signature="go_to_facebook_login()[pri:1, instance:Facebook_test.Facebooktest@c333c60]" started-at="2021-05-11T16:11:15 GMT+05:30" name="go_to_facebook_login" finished-at="2021-05-11T16:11:15 GMT+05:30" duration-ms="589" status="PASS">
          <reporter-output>
          </reporter-output>
        </test-method> <!-- go_to_facebook_login -->
        <test-method signature="navigate_to_homepage_set_status()[pri:2, instance:Facebook_test.Facebooktest@c333c60]" started-at="2021-05-11T16:11:15 GMT+05:30" name="navigate_to_homepage_set_status" finished-at="2021-05-11T16:11:25 GMT+05:30" duration-ms="10118" status="FAIL">
          <exception class="java.lang.Exception">
            <message>
              <![CDATA[Not able to get to the home page]]>
            </message>
            <full-stacktrace>
              <![CDATA[java.lang.Exception: Not able to get to the home page
at Facebook_pages.Home_page.verify_Account_Name(Home_page.java:28)
at Facebook_test.Facebooktest.navigate_to_homepage_set_status(Facebooktest.java:54)
at java.base/jdk.internal.reflect.NativeMethodAccessorImpl.invoke0(Native Method)
at java.base/jdk.internal.reflect.NativeMethodAccessorImpl.invoke(NativeMethodAccessorImpl.java:62)
at java.base/jdk.internal.reflect.DelegatingMethodAccessorImpl.invoke(DelegatingMethodAccessorImpl.java:43)
at java.base/java.lang.reflect.Method.invoke(Method.java:566)
at org.testng.internal.MethodInvocationHelper.invokeMethod(MethodInvocationHelper.java:132)
at org.testng.internal.TestInvoker.invokeMethod(TestInvoker.java:599)
at org.testng.internal.TestInvoker.invokeTestMethod(TestInvoker.java:174)
at org.testng.internal.MethodRunner.runInSequence(MethodRunner.java:46)
at org.testng.internal.TestInvoker$MethodInvocationAgent.invoke(TestInvoker.java:822)
at org.testng.internal.TestInvoker.invokeTestMethods(TestInvoker.java:147)
at org.testng.internal.TestMethodWorker.invokeTestMethods(TestMethodWorker.java:146)
at org.testng.internal.TestMethodWorker.run(TestMethodWorker.java:128)
at java.base/java.util.ArrayList.forEach(ArrayList.java:1541)
at org.testng.TestRunner.privateRun(TestRunner.java:764)
at org.testng.TestRunner.run(TestRunner.java:585)
at org.testng.SuiteRunner.runTest(SuiteRunner.java:384)
at org.testng.SuiteRunner.runSequentially(SuiteRunner.java:378)
at org.testng.SuiteRunner.privateRun(SuiteRunner.java:337)
at org.testng.SuiteRunner.run(SuiteRunner.java:286)
at org.testng.SuiteRunnerWorker.runSuite(SuiteRunnerWorker.java:53)
at org.testng.SuiteRunnerWorker.run(SuiteRunnerWorker.java:96)
at org.testng.TestNG.runSuitesSequentially(TestNG.java:1218)
at org.testng.TestNG.runSuitesLocally(TestNG.java:1140)
at org.testng.TestNG.runSuites(TestNG.java:1069)
at org.testng.TestNG.run(TestNG.java:1037)
at org.testng.remote.AbstractRemoteTestNG.run(AbstractRemoteTestNG.java:115)
at org.testng.remote.RemoteTestNG.initAndRun(RemoteTestNG.java:251)
at org.testng.remote.RemoteTestNG.main(RemoteTestNG.java:77)
]]>
            </full-stacktrace>
          </exception> <!-- java.lang.Exception -->
          <reporter-output>
          </reporter-output>
        </test-method> <!-- navigate_to_homepage_set_status -->
        <test-method is-config="true" signature="clear()[pri:0, instance:Facebook_test.Facebooktest@c333c60]" started-at="2021-05-11T16:11:25 GMT+05:30" name="clear" finished-at="2021-05-11T16:11:30 GMT+05:30" duration-ms="4793" status="PASS">
          <reporter-output>
          </reporter-output>
        </test-method> <!-- clear -->
      </class> <!-- Facebook_test.Facebooktest -->
    </test> <!-- Default test -->
  </suite> <!-- Default suite -->
</testng-results>
